-------------------------------------------------------------------------------
Test set: com.jstorr.pact_provider.contract.PactProviderTest
-------------------------------------------------------------------------------
Tests run: 2, Failures: 2, Errors: 0, Skipped: 0, Time elapsed: 5.140 s <<< FAILURE! -- in com.jstorr.pact_provider.contract.PactProviderTest
com.jstorr.pact_provider.contract.PactProviderTest.pactVerificationTestTemplate(PactVerificationContext)[1] -- Time elapsed: 1.184 s <<< FAILURE!
java.lang.AssertionError: 
Pact between pact-consumer (0.0.1-SNAPSHOT) and UserProvider - Upon A request to GET all users 
Failures:

1) Verifying a pact between pact-consumer and UserProvider - A request to GET all users has a matching body

    1.1) body: $.users[0] Actual map is missing the following keys: userId

        {
        -  "email": "example@example.com",
        -  "name": "Ni1tEzYg4rJrnVbhw6dz",
        -  "userId": "Z1DgxgxBfQj1fR2WZD7k"
        +  "email": "john.doe@email.com",
        +  "name": "John Doe"
        }


    1.2) body: $.users[1] Actual map is missing the following keys: userId

        {
        -  "email": "example@example.com",
        -  "name": "Ni1tEzYg4rJrnVbhw6dz",
        -  "userId": "Z1DgxgxBfQj1fR2WZD7k"
        +  "email": "jane.doe@email.com",
        +  "name": "Jane Doe"
        }


    1.3) body: $.users[2] Actual map is missing the following keys: userId

        {
        -  "email": "example@example.com",
        -  "name": "Ni1tEzYg4rJrnVbhw6dz",
        -  "userId": "Z1DgxgxBfQj1fR2WZD7k"
        +  "email": "jim.doe@email.com",
        +  "name": "Jim Doe"
        }



	at au.com.dius.pact.provider.junit5.PactVerificationContext.verifyInteraction(PactVerificationContext.kt:75)
	at com.jstorr.pact_provider.contract.PactProviderTest.pactVerificationTestTemplate(PactProviderTest.java:46)
	at java.base/java.lang.reflect.Method.invoke(Method.java:580)
	at java.base/java.util.stream.ForEachOps$ForEachOp$OfRef.accept(ForEachOps.java:184)
	at java.base/java.util.stream.ReferencePipeline$3$1.accept(ReferencePipeline.java:197)
	at java.base/java.util.stream.ReferencePipeline$2$1.accept(ReferencePipeline.java:179)
	at java.base/java.util.stream.ReferencePipeline$3$1.accept(ReferencePipeline.java:197)
	at java.base/java.util.ArrayList$ArrayListSpliterator.forEachRemaining(ArrayList.java:1708)
	at java.base/java.util.stream.ReferencePipeline$Head.forEach(ReferencePipeline.java:762)
	at java.base/java.util.stream.ReferencePipeline$7$1.accept(ReferencePipeline.java:276)
	at java.base/java.util.ArrayList$ArrayListSpliterator.forEachRemaining(ArrayList.java:1708)
	at java.base/java.util.stream.AbstractPipeline.copyInto(AbstractPipeline.java:509)
	at java.base/java.util.stream.AbstractPipeline.wrapAndCopyInto(AbstractPipeline.java:499)
	at java.base/java.util.stream.ForEachOps$ForEachOp.evaluateSequential(ForEachOps.java:151)
	at java.base/java.util.stream.ForEachOps$ForEachOp$OfRef.evaluateSequential(ForEachOps.java:174)
	at java.base/java.util.stream.AbstractPipeline.evaluate(AbstractPipeline.java:234)
	at java.base/java.util.stream.ReferencePipeline.forEach(ReferencePipeline.java:596)
	at java.base/java.util.ArrayList.forEach(ArrayList.java:1596)
	at java.base/java.util.ArrayList.forEach(ArrayList.java:1596)

com.jstorr.pact_provider.contract.PactProviderTest.pactVerificationTestTemplate(PactVerificationContext)[2] -- Time elapsed: 0.067 s <<< FAILURE!
java.lang.AssertionError: 
Pact between pact-consumer (0.0.1-SNAPSHOT) and UserProvider - Upon A request to create a new user 
Failures:

1) Verifying a pact between pact-consumer and UserProvider - A request to create a new user has a matching body

    1.1) body: $ Actual map is missing the following keys: userId

        {
          "email": "james.bond@007.com",
        -  "name": "James Bond",
        -  "userId": "789"
        +  "name": "James Bond"
        }



	at au.com.dius.pact.provider.junit5.PactVerificationContext.verifyInteraction(PactVerificationContext.kt:75)
	at com.jstorr.pact_provider.contract.PactProviderTest.pactVerificationTestTemplate(PactProviderTest.java:46)
	at java.base/java.lang.reflect.Method.invoke(Method.java:580)
	at java.base/java.util.stream.ForEachOps$ForEachOp$OfRef.accept(ForEachOps.java:184)
	at java.base/java.util.stream.ReferencePipeline$3$1.accept(ReferencePipeline.java:197)
	at java.base/java.util.stream.ReferencePipeline$2$1.accept(ReferencePipeline.java:179)
	at java.base/java.util.stream.ReferencePipeline$3$1.accept(ReferencePipeline.java:197)
	at java.base/java.util.ArrayList$ArrayListSpliterator.forEachRemaining(ArrayList.java:1708)
	at java.base/java.util.stream.ReferencePipeline$Head.forEach(ReferencePipeline.java:762)
	at java.base/java.util.stream.ReferencePipeline$7$1.accept(ReferencePipeline.java:276)
	at java.base/java.util.ArrayList$ArrayListSpliterator.forEachRemaining(ArrayList.java:1708)
	at java.base/java.util.stream.AbstractPipeline.copyInto(AbstractPipeline.java:509)
	at java.base/java.util.stream.AbstractPipeline.wrapAndCopyInto(AbstractPipeline.java:499)
	at java.base/java.util.stream.ForEachOps$ForEachOp.evaluateSequential(ForEachOps.java:151)
	at java.base/java.util.stream.ForEachOps$ForEachOp$OfRef.evaluateSequential(ForEachOps.java:174)
	at java.base/java.util.stream.AbstractPipeline.evaluate(AbstractPipeline.java:234)
	at java.base/java.util.stream.ReferencePipeline.forEach(ReferencePipeline.java:596)
	at java.base/java.util.ArrayList.forEach(ArrayList.java:1596)
	at java.base/java.util.ArrayList.forEach(ArrayList.java:1596)

