<?xml version="1.0" encoding="UTF-8"?>
<testsuite xmlns:xsi="http://www.w3.org/2001/XMLSchema-instance" xsi:noNamespaceSchemaLocation="https://maven.apache.org/surefire/maven-surefire-plugin/xsd/surefire-test-report.xsd" version="3.0.2" name="com.jstorr.pact_provider.PactProviderApplicationTests" time="0.115" tests="1" errors="0" skipped="0" failures="0">
  <properties>
[...]
</properties>
  <testcase name="contextLoads" classname="com.jstorr.pact_provider.PactProviderApplicationTests" time="0.002">
    <system-out><![CDATA[2025-01-14T20:49:59.038Z  INFO 5457 --- [           main] t.c.s.AnnotationConfigContextLoaderUtils : Could not detect default configuration classes for test class [com.jstorr.pact_provider.PactProviderApplicationTests]: PactProviderApplicationTests does not declare any static, non-private, non-final, nested classes annotated with @Configuration.
2025-01-14T20:49:59.041Z  INFO 5457 --- [           main] .b.t.c.SpringBootTestContextBootstrapper : Found @SpringBootConfiguration com.jstorr.pact_provider.PactProviderApplication for test class com.jstorr.pact_provider.PactProviderApplicationTests
2025-01-14T20:49:59.045Z  INFO 5457 --- [           main] o.s.b.d.r.RestartApplicationListener     : Restart disabled due to context in which it is running

  .   ____          _            __ _ _
 /\\ / ___'_ __ _ _(_)_ __  __ _ \ \ \ \
( ( )\___ | '_ | '_| | '_ \/ _` | \ \ \ \
 \\/  ___)| |_)| | | | | || (_| |  ) ) ) )
  '  |____| .__|_| |_|_| |_\__, | / / / /
 =========|_|==============|___/=/_/_/_/

 :: Spring Boot ::                (v3.4.1)

2025-01-14T20:49:59.056Z  INFO 5457 --- [           main] c.j.p.PactProviderApplicationTests       : Starting PactProviderApplicationTests using Java 22.0.1 with PID 5457 (started by jamesstorr in /Users/jamesstorr/Projects/pact test demo/pact-provider)
2025-01-14T20:49:59.057Z  INFO 5457 --- [           main] c.j.p.PactProviderApplicationTests       : No active profile set, falling back to 1 default profile: "default"
2025-01-14T20:49:59.148Z  INFO 5457 --- [           main] c.j.p.PactProviderApplicationTests       : Started PactProviderApplicationTests in 0.103 seconds (process running for 2.348)
]]></system-out>
  </testcase>
</testsuite>