<?xml version="1.0" encoding="UTF-8"?>
<testsuite xmlns:xsi="http://www.w3.org/2001/XMLSchema-instance" xsi:noNamespaceSchemaLocation="https://maven.apache.org/surefire/maven-surefire-plugin/xsd/surefire-test-report.xsd" version="3.0.2" name="com.jstorr.pact_provider.contract.PactProviderTest" time="5.14" tests="2" errors="0" skipped="0" failures="2">
  <properties>
[...]
</properties>
  <testcase name="pactVerificationTestTemplate(PactVerificationContext)[1]" classname="com.jstorr.pact_provider.contract.PactProviderTest" time="1.184">
    <failure message="Pact between pact-consumer (0.0.1-SNAPSHOT) and UserProvider - Upon A request to GET all users &#10;Failures:&#10;&#10;1) Verifying a pact between pact-consumer and UserProvider - A request to GET all users has a matching body&#10;&#10;    1.1) body: $.users[0] Actual map is missing the following keys: userId&#10;&#10;        {&#10;        -  &quot;email&quot;: &quot;example@example.com&quot;,&#10;        -  &quot;name&quot;: &quot;Ni1tEzYg4rJrnVbhw6dz&quot;,&#10;        -  &quot;userId&quot;: &quot;Z1DgxgxBfQj1fR2WZD7k&quot;&#10;        +  &quot;email&quot;: &quot;john.doe@email.com&quot;,&#10;        +  &quot;name&quot;: &quot;John Doe&quot;&#10;        }&#10;&#10;&#10;    1.2) body: $.users[1] Actual map is missing the following keys: userId&#10;&#10;        {&#10;        -  &quot;email&quot;: &quot;example@example.com&quot;,&#10;        -  &quot;name&quot;: &quot;Ni1tEzYg4rJrnVbhw6dz&quot;,&#10;        -  &quot;userId&quot;: &quot;Z1DgxgxBfQj1fR2WZD7k&quot;&#10;        +  &quot;email&quot;: &quot;jane.doe@email.com&quot;,&#10;        +  &quot;name&quot;: &quot;Jane Doe&quot;&#10;        }&#10;&#10;&#10;    1.3) body: $.users[2] Actual map is missing the following keys: userId&#10;&#10;        {&#10;        -  &quot;email&quot;: &quot;example@example.com&quot;,&#10;        -  &quot;name&quot;: &quot;Ni1tEzYg4rJrnVbhw6dz&quot;,&#10;        -  &quot;userId&quot;: &quot;Z1DgxgxBfQj1fR2WZD7k&quot;&#10;        +  &quot;email&quot;: &quot;jim.doe@email.com&quot;,&#10;        +  &quot;name&quot;: &quot;Jim Doe&quot;&#10;        }&#10;&#10;&#10;" type="java.lang.AssertionError"><![CDATA[java.lang.AssertionError: 
Pact between pact-consumer (0.0.1-SNAPSHOT) and UserProvider - Upon A request to GET all users 
Failures:

1) Verifying a pact between pact-consumer and UserProvider - A request to GET all users has a matching body

    1.1) body: $.users[0] Actual map is missing the following keys: userId

        {
        -  "email": "example@example.com",
        -  "name": "Ni1tEzYg4rJrnVbhw6dz",
        -  "userId": "Z1DgxgxBfQj1fR2WZD7k"
        +  "email": "john.doe@email.com",
        +  "name": "John Doe"
        }


    1.2) body: $.users[1] Actual map is missing the following keys: userId

        {
        -  "email": "example@example.com",
        -  "name": "Ni1tEzYg4rJrnVbhw6dz",
        -  "userId": "Z1DgxgxBfQj1fR2WZD7k"
        +  "email": "jane.doe@email.com",
        +  "name": "Jane Doe"
        }


    1.3) body: $.users[2] Actual map is missing the following keys: userId

        {
        -  "email": "example@example.com",
        -  "name": "Ni1tEzYg4rJrnVbhw6dz",
        -  "userId": "Z1DgxgxBfQj1fR2WZD7k"
        +  "email": "jim.doe@email.com",
        +  "name": "Jim Doe"
        }



	at au.com.dius.pact.provider.junit5.PactVerificationContext.verifyInteraction(PactVerificationContext.kt:75)
	at com.jstorr.pact_provider.contract.PactProviderTest.pactVerificationTestTemplate(PactProviderTest.java:46)
	at java.base/java.lang.reflect.Method.invoke(Method.java:580)
	at java.base/java.util.stream.ForEachOps$ForEachOp$OfRef.accept(ForEachOps.java:184)
	at java.base/java.util.stream.ReferencePipeline$3$1.accept(ReferencePipeline.java:197)
	at java.base/java.util.stream.ReferencePipeline$2$1.accept(ReferencePipeline.java:179)
	at java.base/java.util.stream.ReferencePipeline$3$1.accept(ReferencePipeline.java:197)
	at java.base/java.util.ArrayList$ArrayListSpliterator.forEachRemaining(ArrayList.java:1708)
	at java.base/java.util.stream.ReferencePipeline$Head.forEach(ReferencePipeline.java:762)
	at java.base/java.util.stream.ReferencePipeline$7$1.accept(ReferencePipeline.java:276)
	at java.base/java.util.ArrayList$ArrayListSpliterator.forEachRemaining(ArrayList.java:1708)
	at java.base/java.util.stream.AbstractPipeline.copyInto(AbstractPipeline.java:509)
	at java.base/java.util.stream.AbstractPipeline.wrapAndCopyInto(AbstractPipeline.java:499)
	at java.base/java.util.stream.ForEachOps$ForEachOp.evaluateSequential(ForEachOps.java:151)
	at java.base/java.util.stream.ForEachOps$ForEachOp$OfRef.evaluateSequential(ForEachOps.java:174)
	at java.base/java.util.stream.AbstractPipeline.evaluate(AbstractPipeline.java:234)
	at java.base/java.util.stream.ReferencePipeline.forEach(ReferencePipeline.java:596)
	at java.base/java.util.ArrayList.forEach(ArrayList.java:1596)
	at java.base/java.util.ArrayList.forEach(ArrayList.java:1596)
]]></failure>
    <system-out><![CDATA[08:47:38.139 [main] INFO org.springframework.test.context.support.AnnotationConfigContextLoaderUtils -- Could not detect default configuration classes for test class [com.jstorr.pact_provider.contract.PactProviderTest]: PactProviderTest does not declare any static, non-private, non-final, nested classes annotated with @Configuration.
08:47:38.249 [main] INFO org.springframework.boot.test.context.SpringBootTestContextBootstrapper -- Found @SpringBootConfiguration com.jstorr.pact_provider.PactProviderApplication for test class com.jstorr.pact_provider.contract.PactProviderTest
08:47:39.690 [main] INFO org.springframework.boot.devtools.restart.RestartApplicationListener -- Restart disabled due to context in which it is running

  .   ____          _            __ _ _
 /\\ / ___'_ __ _ _(_)_ __  __ _ \ \ \ \
( ( )\___ | '_ | '_| | '_ \/ _` | \ \ \ \
 \\/  ___)| |_)| | | | | || (_| |  ) ) ) )
  '  |____| .__|_| |_|_| |_\__, | / / / /
 =========|_|==============|___/=/_/_/_/

 :: Spring Boot ::                (v3.4.1)

2025-01-15T08:47:40.091Z  INFO 5112 --- [           main] c.j.p.contract.PactProviderTest          : Starting PactProviderTest using Java 21.0.5 with PID 5112 (started by storrj00 in C:\Users\storrj00\Projects\pact-test-demo\pact-provider)
2025-01-15T08:47:40.091Z  INFO 5112 --- [           main] c.j.p.contract.PactProviderTest          : No active profile set, falling back to 1 default profile: "default"
2025-01-15T08:47:41.344Z  INFO 5112 --- [           main] o.s.b.w.embedded.tomcat.TomcatWebServer  : Tomcat initialized with port 0 (http)
2025-01-15T08:47:41.360Z  INFO 5112 --- [           main] o.apache.catalina.core.StandardService   : Starting service [Tomcat]
2025-01-15T08:47:41.360Z  INFO 5112 --- [           main] o.apache.catalina.core.StandardEngine    : Starting Servlet engine: [Apache Tomcat/10.1.34]
2025-01-15T08:47:41.423Z  INFO 5112 --- [           main] o.a.c.c.C.[Tomcat].[localhost].[/]       : Initializing Spring embedded WebApplicationContext
2025-01-15T08:47:41.423Z  INFO 5112 --- [           main] w.s.c.ServletWebServerApplicationContext : Root WebApplicationContext: initialization completed in 1020 ms
2025-01-15T08:47:41.836Z  INFO 5112 --- [           main] o.s.b.w.embedded.tomcat.TomcatWebServer  : Tomcat started on port 54409 (http) with context path '/'
2025-01-15T08:47:41.836Z  INFO 5112 --- [           main] c.j.p.contract.PactProviderTest          : Started PactProviderTest in 2.164 seconds (process running for 4.659)
2025-01-15T08:47:42.498Z  INFO 5112 --- [           main] rificationStateChangeExtension$Companion : Invoking state change method 'A list of users exists':SETUP
Setting up provider state: a list of users exists

Verifying a pact between pact-consumer (0.0.1-SNAPSHOT) and UserProvider

  Notices:
    1) The pact at http://localhost:9292/pacts/provider/UserProvider/consumer/pact-consumer/pact-version/06f6c1fd6e6353c5969f6bc622ad40fd1c6a6315 is being verified because the pact content belongs to the consumer version matching the following criterion:
    * latest version of pact-consumer that has a pact with UserProvider (0.0.1-SNAPSHOT)

  [from Pact Broker http://localhost:9292/pacts/provider/UserProvider/consumer/pact-consumer/pact-version/06f6c1fd6e6353c5969f6bc622ad40fd1c6a6315/metadata/c1tdW2xdPXRydWUmc1tdW2N2XT05]
  Given A list of users exists
  A request to GET all users
2025-01-15T08:47:42.621Z  WARN 5112 --- [       Thread-4] au.com.dius.pact.core.support.Metrics    : 
            Please note: we are tracking events anonymously to gather important usage statistics like JVM version
            and operating system. To disable tracking, set the 'pact_do_not_track' system property or environment
            variable to 'true'.
            
2025-01-15T08:47:42.768Z  INFO 5112 --- [o-auto-1-exec-1] o.a.c.c.C.[Tomcat].[localhost].[/]       : Initializing Spring DispatcherServlet 'dispatcherServlet'
2025-01-15T08:47:42.784Z  INFO 5112 --- [o-auto-1-exec-1] o.s.web.servlet.DispatcherServlet        : Initializing Servlet 'dispatcherServlet'
2025-01-15T08:47:42.784Z  INFO 5112 --- [o-auto-1-exec-1] o.s.web.servlet.DispatcherServlet        : Completed initialization in 0 ms
    returns a response which
      has status code 200 (OK)
      has a matching body (FAILED)

Failures:

1) Verifying a pact between pact-consumer and UserProvider - A request to GET all users has a matching body

    1.1) body: $.users[0] Actual map is missing the following keys: userId

        {
        -  "email": "example@example.com",
        -  "name": "Ni1tEzYg4rJrnVbhw6dz",
        -  "userId": "Z1DgxgxBfQj1fR2WZD7k"
        +  "email": "john.doe@email.com",
        +  "name": "John Doe"
        }


    1.2) body: $.users[1] Actual map is missing the following keys: userId

        {
        -  "email": "example@example.com",
        -  "name": "Ni1tEzYg4rJrnVbhw6dz",
        -  "userId": "Z1DgxgxBfQj1fR2WZD7k"
        +  "email": "jane.doe@email.com",
        +  "name": "Jane Doe"
        }


    1.3) body: $.users[2] Actual map is missing the following keys: userId

        {
        -  "email": "example@example.com",
        -  "name": "Ni1tEzYg4rJrnVbhw6dz",
        -  "userId": "Z1DgxgxBfQj1fR2WZD7k"
        +  "email": "jim.doe@email.com",
        +  "name": "Jim Doe"
        }



2025-01-15T08:47:43.020Z  WARN 5112 --- [           main] a.c.d.p.p.DefaultTestResultAccumulator   : Not all of the 2 were verified. The following were missing:
2025-01-15T08:47:43.020Z  WARN 5112 --- [           main] a.c.d.p.p.DefaultTestResultAccumulator   :     A request to create a new user
]]></system-out>
    <system-err><![CDATA[Mockito is currently self-attaching to enable the inline-mock-maker. This will no longer work in future releases of the JDK. Please add Mockito as an agent to your build what is described in Mockito's documentation: https://javadoc.io/doc/org.mockito/mockito-core/latest/org/mockito/Mockito.html#0.3
WARNING: A Java agent has been loaded dynamically (C:\Users\storrj00\.m2\repository\net\bytebuddy\byte-buddy-agent\1.15.11\byte-buddy-agent-1.15.11.jar)
WARNING: If a serviceability tool is in use, please run with -XX:+EnableDynamicAgentLoading to hide this warning
WARNING: If a serviceability tool is not in use, please run with -Djdk.instrument.traceUsage for more information
WARNING: Dynamic loading of agents will be disallowed by default in a future release
]]></system-err>
  </testcase>
  <testcase name="pactVerificationTestTemplate(PactVerificationContext)[2]" classname="com.jstorr.pact_provider.contract.PactProviderTest" time="0.067">
    <failure message="Pact between pact-consumer (0.0.1-SNAPSHOT) and UserProvider - Upon A request to create a new user &#10;Failures:&#10;&#10;1) Verifying a pact between pact-consumer and UserProvider - A request to create a new user has a matching body&#10;&#10;    1.1) body: $ Actual map is missing the following keys: userId&#10;&#10;        {&#10;          &quot;email&quot;: &quot;james.bond@007.com&quot;,&#10;        -  &quot;name&quot;: &quot;James Bond&quot;,&#10;        -  &quot;userId&quot;: &quot;789&quot;&#10;        +  &quot;name&quot;: &quot;James Bond&quot;&#10;        }&#10;&#10;&#10;" type="java.lang.AssertionError"><![CDATA[java.lang.AssertionError: 
Pact between pact-consumer (0.0.1-SNAPSHOT) and UserProvider - Upon A request to create a new user 
Failures:

1) Verifying a pact between pact-consumer and UserProvider - A request to create a new user has a matching body

    1.1) body: $ Actual map is missing the following keys: userId

        {
          "email": "james.bond@007.com",
        -  "name": "James Bond",
        -  "userId": "789"
        +  "name": "James Bond"
        }



	at au.com.dius.pact.provider.junit5.PactVerificationContext.verifyInteraction(PactVerificationContext.kt:75)
	at com.jstorr.pact_provider.contract.PactProviderTest.pactVerificationTestTemplate(PactProviderTest.java:46)
	at java.base/java.lang.reflect.Method.invoke(Method.java:580)
	at java.base/java.util.stream.ForEachOps$ForEachOp$OfRef.accept(ForEachOps.java:184)
	at java.base/java.util.stream.ReferencePipeline$3$1.accept(ReferencePipeline.java:197)
	at java.base/java.util.stream.ReferencePipeline$2$1.accept(ReferencePipeline.java:179)
	at java.base/java.util.stream.ReferencePipeline$3$1.accept(ReferencePipeline.java:197)
	at java.base/java.util.ArrayList$ArrayListSpliterator.forEachRemaining(ArrayList.java:1708)
	at java.base/java.util.stream.ReferencePipeline$Head.forEach(ReferencePipeline.java:762)
	at java.base/java.util.stream.ReferencePipeline$7$1.accept(ReferencePipeline.java:276)
	at java.base/java.util.ArrayList$ArrayListSpliterator.forEachRemaining(ArrayList.java:1708)
	at java.base/java.util.stream.AbstractPipeline.copyInto(AbstractPipeline.java:509)
	at java.base/java.util.stream.AbstractPipeline.wrapAndCopyInto(AbstractPipeline.java:499)
	at java.base/java.util.stream.ForEachOps$ForEachOp.evaluateSequential(ForEachOps.java:151)
	at java.base/java.util.stream.ForEachOps$ForEachOp$OfRef.evaluateSequential(ForEachOps.java:174)
	at java.base/java.util.stream.AbstractPipeline.evaluate(AbstractPipeline.java:234)
	at java.base/java.util.stream.ReferencePipeline.forEach(ReferencePipeline.java:596)
	at java.base/java.util.ArrayList.forEach(ArrayList.java:1596)
	at java.base/java.util.ArrayList.forEach(ArrayList.java:1596)
]]></failure>
    <system-out><![CDATA[2025-01-15T08:47:43.052Z  INFO 5112 --- [           main] rificationStateChangeExtension$Companion : Invoking state change method 'The provider can create a user':SETUP
Setting up provider state: the provider can create a user

Verifying a pact between pact-consumer (0.0.1-SNAPSHOT) and UserProvider

  Notices:
    1) The pact at http://localhost:9292/pacts/provider/UserProvider/consumer/pact-consumer/pact-version/06f6c1fd6e6353c5969f6bc622ad40fd1c6a6315 is being verified because the pact content belongs to the consumer version matching the following criterion:
    * latest version of pact-consumer that has a pact with UserProvider (0.0.1-SNAPSHOT)

  [from Pact Broker http://localhost:9292/pacts/provider/UserProvider/consumer/pact-consumer/pact-version/06f6c1fd6e6353c5969f6bc622ad40fd1c6a6315/metadata/c1tdW2xdPXRydWUmc1tdW2N2XT05]
  Given The provider can create a user
  A request to create a new user
    returns a response which
      has status code 201 (OK)
      has a matching body (FAILED)

Failures:

1) Verifying a pact between pact-consumer and UserProvider - A request to create a new user has a matching body

    1.1) body: $ Actual map is missing the following keys: userId

        {
          "email": "james.bond@007.com",
        -  "name": "James Bond",
        -  "userId": "789"
        +  "name": "James Bond"
        }



2025-01-15T08:47:43.105Z  WARN 5112 --- [           main] a.c.d.p.p.DefaultTestResultAccumulator   : Skipping publishing of verification results as it has been disabled (pact.verifier.publishResults is not 'true')
]]></system-out>
  </testcase>
</testsuite>